File created on 5-15-2019 at 11:40:50
 
Product : SAP PowerDesigner 16.6 SP01 x64 version 16.6.11066
 
GetCommandLineOptions()
Syb_OnSetUpdateMode()
Syb_OnBegin()
CheckVCRedist()
ReadPackageFile()
CheckVisualStudio()
IsDotNetInstalled:4.0
Syb_OnAppSearch()
Syb_OnFirstUIBefore()
SetDialogOrder()
GetVisioVersion()
 found version: 14
GetWordVersion()
 found version: 12
GetWordVersion()
 found version: 12
IsSQLAnywhereDriverInstalled()
 SQL Anywhere 16 driver not found
AdvShowDialogs()
DialogWelcome()
CheckVersionAMC(Software\Sybase\PowerAMC 16)
CheckVersion3264(Software\Sybase\PowerDesigner 16)
SearchVersion: 15
SearchVersion: 14
SearchVersion: 13
DialogShowSdAskDestPath()
DlgChooseFeatures()
GetVisioVersion()
 found version: 14
FindUserProfiles
DlgChooseUserProfiles()
DlgSdSelectFolder()
DlgSdStartCopy()
GetSelectedUserProfiles()
Syb_OnMoveData()
InstallVJsharp()
InstallOfficeInteropAssembly()
GetOfficeVersion()
 found version: 14
InstallMsXML6()
InstallVSTOR()
CheckVSTOR()
RemoveEclipseLink()
CopyExternalFiles()
CopyExtraUserProfiles()
InstallPDRegistry()
CreateRegKey(Software\Sybase , 
CreateRegKey(Software\Sybase , 
CreateRegKey(Software , Software\Sybase
CreateRegKey(Software\Sybase\PowerDesigner 16 , 
CreateRegKey(Software\Sybase , Software\Sybase
CreateRegKey(Software\Sybase\PowerDesigner 16\Repository , 
CreateRegKey(Software\Sybase\PowerDesigner 16 , Software\Sybase
CreateRegKey(Software\Sybase , Software\Sybase
SetRegKeyValue: Software\Sybase\PowerDesigner 16\Repository
  MaxBytesPerChar=3
CreateInstallRegKey()
CreateRegKey(Software\Sybase\PowerDesigner 16\Setup , 
CreateRegKey(Software\Sybase\PowerDesigner 16 , Software\Sybase
SetRegKeyValue: Software\Sybase\PowerDesigner 16\Setup
  Version=16.6
SetRegKeyValue: Software\Sybase\PowerDesigner 16\Setup
  Path=D:\
SetRegKeyValue: Software\Sybase\PowerDesigner 16\Setup
  Program Folder=SAP\PowerDesigner 16
SetRegKeyValue: Software\Sybase\PowerDesigner 16\Setup
  Network=0
SetRegKeyValue: Software\Sybase\PowerDesigner 16\Setup
  ID=983263
SetRegKeyValue: Software\Sybase\PowerDesigner 16\Setup
  Eclipse 3 directory=
SetRegKeyValue: Software\Sybase\PowerDesigner 16\Setup
  PL=0
CreateRegKey(Software\Sybase\PowerDesigner 16\General , 
CreateRegKey(Software\Sybase\PowerDesigner 16 , Software\Sybase
SetRegKeyValue: Software\Sybase\PowerDesigner 16\General
  UseLastActivePopupMonitor=Yes
CreateRegKey(Software\Sybase\PowerDesigner 16 , 
SetNamedPath()
CreateRegKey(Software\Sybase\PowerDesigner 16\Paths\Named , 
CreateRegKey(Software\Sybase\PowerDesigner 16\Paths , Software\Sybase
CreateRegKey(Software\Sybase\PowerDesigner 16 , Software\Sybase
SetRegKeyValue: Software\Sybase\PowerDesigner 16\Paths\Named
  _EXAMPLES=D:\Examples
SetRegKeyValue: Software\Sybase\PowerDesigner 16\Paths\Named
  _HOME=D:\
SetRegKeyValue: Software\Sybase\PowerDesigner 16\Paths\Named
  _LIBRARY=D:\Library
SetRegKeyValue: Software\Sybase\PowerDesigner 16\Paths\Named
  _MODELCATEGORY=D:\Resource Files\Model Category
SetRegKeyValue: Software\Sybase\PowerDesigner 16\Paths\Named
  _SHARED=%USERPROFILE%\Documents\PowerDesigner Libraries
SetRegKeyValue: Software\Sybase\PowerDesigner 16\Paths\Named
  _RPTHTML=D:\Resource Files\Reporting\HTML
SetRegKeyValue: Software\Sybase\PowerDesigner 16\Paths\Named
  _JSF=D:\Resource Files\JSF
SetRegKeyValue: Software\Sybase\PowerDesigner 16\Paths\Named
  _WINFORM=D:\Resource Files\WinForm
SetRegKeyValue: Software\Sybase\PowerDesigner 16\Paths\Named
  _SMARTWINFORM=D:\Resource Files\SmartWinForm
SetupFolders()
SybAddFolderIcon()
SybAddFolderIcon()
SetFilesAssociation()
SetModulesExtensions(nExtension)
SetRegKeyValue: .CDM
  =PowerDesigner.CDM.16
SetRegKeyValue: PowerDesigner.CDM.16
  =PowerDesigner 16 conceptual data model
CreateRegKey(PowerDesigner.CDM.16\DefaultIcon , 
CreateRegKey(PowerDesigner.CDM.16 , Software\Sybase
SetRegKeyValue: PowerDesigner.CDM.16\DefaultIcon
  =D:\shcdm16.dll,0
CreateRegKey(PowerDesigner.CDM.16\Shell\Open\Command , PowerDesigner.CDM.16
CreateRegKey(PowerDesigner.CDM.16\Shell\Open , PowerDesigner.CDM.16
CreateRegKey(PowerDesigner.CDM.16\Shell , PowerDesigner.CDM.16
CreateRegKey(PowerDesigner.CDM.16 , PowerDesigner.CDM.16
SetRegKeyValue: PowerDesigner.CDM.16\Shell\Open\Command
  =D:\pdshell16.exe "%1"
CreateRegKey(PowerDesigner.CDM.16\Shell\Open\ddeexec , PowerDesigner.CDM.16
CreateRegKey(PowerDesigner.CDM.16\Shell\Open , PowerDesigner.CDM.16
SetRegKeyValue: PowerDesigner.CDM.16\Shell\Open\ddeexec
  =open("%1")
CreateRegKey(PowerDesigner.CDM.16\Shell\Open\ddeexec\Application , PowerDesigner.CDM.16
CreateRegKey(PowerDesigner.CDM.16\Shell\Open\ddeexec , PowerDesigner.CDM.16
SetRegKeyValue: PowerDesigner.CDM.16\Shell\Open\ddeexec\Application
  =pdshell16
CreateRegKey(PowerDesigner.CDM.16\Shell\Open\ddeexec\Topic , PowerDesigner.CDM.16
CreateRegKey(PowerDesigner.CDM.16\Shell\Open\ddeexec , PowerDesigner.CDM.16
SetRegKeyValue: PowerDesigner.CDM.16\Shell\Open\ddeexec\Topic
  =system
CreateRegKey(PowerDesigner.CDM.16\Shell\Open\ddeexec\IfExec , PowerDesigner.CDM.16
CreateRegKey(PowerDesigner.CDM.16\Shell\Open\ddeexec , PowerDesigner.CDM.16
SetRegKeyValue: PowerDesigner.CDM.16\Shell\Open\ddeexec\IfExec
  =[]
SetRegKeyValue: .PDM
  =PowerDesigner.PDM.16
SetRegKeyValue: PowerDesigner.PDM.16
  =PowerDesigner 16 physical data model
CreateRegKey(PowerDesigner.PDM.16\DefaultIcon , 
CreateRegKey(PowerDesigner.PDM.16 , Software\Sybase
SetRegKeyValue: PowerDesigner.PDM.16\DefaultIcon
  =D:\shpdm16.dll,0
CreateRegKey(PowerDesigner.PDM.16\Shell\Open\Command , PowerDesigner.PDM.16
CreateRegKey(PowerDesigner.PDM.16\Shell\Open , PowerDesigner.PDM.16
CreateRegKey(PowerDesigner.PDM.16\Shell , PowerDesigner.PDM.16
CreateRegKey(PowerDesigner.PDM.16 , PowerDesigner.PDM.16
SetRegKeyValue: PowerDesigner.PDM.16\Shell\Open\Command
  =D:\pdshell16.exe "%1"
CreateRegKey(PowerDesigner.PDM.16\Shell\Open\ddeexec , PowerDesigner.PDM.16
CreateRegKey(PowerDesigner.PDM.16\Shell\Open , PowerDesigner.PDM.16
SetRegKeyValue: PowerDesigner.PDM.16\Shell\Open\ddeexec
  =open("%1")
CreateRegKey(PowerDesigner.PDM.16\Shell\Open\ddeexec\Application , PowerDesigner.PDM.16
CreateRegKey(PowerDesigner.PDM.16\Shell\Open\ddeexec , PowerDesigner.PDM.16
SetRegKeyValue: PowerDesigner.PDM.16\Shell\Open\ddeexec\Application
  =pdshell16
CreateRegKey(PowerDesigner.PDM.16\Shell\Open\ddeexec\Topic , PowerDesigner.PDM.16
CreateRegKey(PowerDesigner.PDM.16\Shell\Open\ddeexec , PowerDesigner.PDM.16
SetRegKeyValue: PowerDesigner.PDM.16\Shell\Open\ddeexec\Topic
  =system
CreateRegKey(PowerDesigner.PDM.16\Shell\Open\ddeexec\IfExec , PowerDesigner.PDM.16
CreateRegKey(PowerDesigner.PDM.16\Shell\Open\ddeexec , PowerDesigner.PDM.16
SetRegKeyValue: PowerDesigner.PDM.16\Shell\Open\ddeexec\IfExec
  =[]
SetRegKeyValue: .APM
  =PowerDesigner.APM.16
SetRegKeyValue: PowerDesigner.APM.16
  =PowerDesigner 16 archived physical data model
CreateRegKey(PowerDesigner.APM.16\DefaultIcon , 
CreateRegKey(PowerDesigner.APM.16 , Software\Sybase
SetRegKeyValue: PowerDesigner.APM.16\DefaultIcon
  =D:\shpdm16.dll,0
CreateRegKey(PowerDesigner.APM.16\Shell\Open\Command , PowerDesigner.APM.16
CreateRegKey(PowerDesigner.APM.16\Shell\Open , PowerDesigner.APM.16
CreateRegKey(PowerDesigner.APM.16\Shell , PowerDesigner.APM.16
CreateRegKey(PowerDesigner.APM.16 , PowerDesigner.APM.16
SetRegKeyValue: PowerDesigner.APM.16\Shell\Open\Command
  =D:\pdshell16.exe "%1"
CreateRegKey(PowerDesigner.APM.16\Shell\Open\ddeexec , PowerDesigner.APM.16
CreateRegKey(PowerDesigner.APM.16\Shell\Open , PowerDesigner.APM.16
SetRegKeyValue: PowerDesigner.APM.16\Shell\Open\ddeexec
  =open("%1")
CreateRegKey(PowerDesigner.APM.16\Shell\Open\ddeexec\Application , PowerDesigner.APM.16
CreateRegKey(PowerDesigner.APM.16\Shell\Open\ddeexec , PowerDesigner.APM.16
SetRegKeyValue: PowerDesigner.APM.16\Shell\Open\ddeexec\Application
  =pdshell16
CreateRegKey(PowerDesigner.APM.16\Shell\Open\ddeexec\Topic , PowerDesigner.APM.16
CreateRegKey(PowerDesigner.APM.16\Shell\Open\ddeexec , PowerDesigner.APM.16
SetRegKeyValue: PowerDesigner.APM.16\Shell\Open\ddeexec\Topic
  =system
CreateRegKey(PowerDesigner.APM.16\Shell\Open\ddeexec\IfExec , PowerDesigner.APM.16
CreateRegKey(PowerDesigner.APM.16\Shell\Open\ddeexec , PowerDesigner.APM.16
SetRegKeyValue: PowerDesigner.APM.16\Shell\Open\ddeexec\IfExec
  =[]
SetRegKeyValue: .MPA
  =PowerDesigner.MPA.16
SetRegKeyValue: PowerDesigner.MPA.16
  =PowerDesigner 16 archived physical data model
CreateRegKey(PowerDesigner.MPA.16\DefaultIcon , 
CreateRegKey(PowerDesigner.MPA.16 , Software\Sybase
SetRegKeyValue: PowerDesigner.MPA.16\DefaultIcon
  =D:\shpdm16.dll,0
CreateRegKey(PowerDesigner.MPA.16\Shell\Open\Command , PowerDesigner.MPA.16
CreateRegKey(PowerDesigner.MPA.16\Shell\Open , PowerDesigner.MPA.16
CreateRegKey(PowerDesigner.MPA.16\Shell , PowerDesigner.MPA.16
CreateRegKey(PowerDesigner.MPA.16 , PowerDesigner.MPA.16
SetRegKeyValue: PowerDesigner.MPA.16\Shell\Open\Command
  =D:\pdshell16.exe "%1"
CreateRegKey(PowerDesigner.MPA.16\Shell\Open\ddeexec , PowerDesigner.MPA.16
CreateRegKey(PowerDesigner.MPA.16\Shell\Open , PowerDesigner.MPA.16
SetRegKeyValue: PowerDesigner.MPA.16\Shell\Open\ddeexec
  =open("%1")
CreateRegKey(PowerDesigner.MPA.16\Shell\Open\ddeexec\Application , PowerDesigner.MPA.16
CreateRegKey(PowerDesigner.MPA.16\Shell\Open\ddeexec , PowerDesigner.MPA.16
SetRegKeyValue: PowerDesigner.MPA.16\Shell\Open\ddeexec\Application
  =pdshell16
CreateRegKey(PowerDesigner.MPA.16\Shell\Open\ddeexec\Topic , PowerDesigner.MPA.16
CreateRegKey(PowerDesigner.MPA.16\Shell\Open\ddeexec , PowerDesigner.MPA.16
SetRegKeyValue: PowerDesigner.MPA.16\Shell\Open\ddeexec\Topic
  =system
CreateRegKey(PowerDesigner.MPA.16\Shell\Open\ddeexec\IfExec , PowerDesigner.MPA.16
CreateRegKey(PowerDesigner.MPA.16\Shell\Open\ddeexec , PowerDesigner.MPA.16
SetRegKeyValue: PowerDesigner.MPA.16\Shell\Open\ddeexec\IfExec
  =[]
SetRegKeyValue: .OOM
  =PowerDesigner.OOM.16
SetRegKeyValue: PowerDesigner.OOM.16
  =PowerDesigner 16 object-oriented model
CreateRegKey(PowerDesigner.OOM.16\DefaultIcon , 
CreateRegKey(PowerDesigner.OOM.16 , Software\Sybase
SetRegKeyValue: PowerDesigner.OOM.16\DefaultIcon
  =D:\shoom16.dll,0
CreateRegKey(PowerDesigner.OOM.16\Shell\Open\Command , PowerDesigner.OOM.16
CreateRegKey(PowerDesigner.OOM.16\Shell\Open , PowerDesigner.OOM.16
CreateRegKey(PowerDesigner.OOM.16\Shell , PowerDesigner.OOM.16
CreateRegKey(PowerDesigner.OOM.16 , PowerDesigner.OOM.16
SetRegKeyValue: PowerDesigner.OOM.16\Shell\Open\Command
  =D:\pdshell16.exe "%1"
CreateRegKey(PowerDesigner.OOM.16\Shell\Open\ddeexec , PowerDesigner.OOM.16
CreateRegKey(PowerDesigner.OOM.16\Shell\Open , PowerDesigner.OOM.16
SetRegKeyValue: PowerDesigner.OOM.16\Shell\Open\ddeexec
  =open("%1")
CreateRegKey(PowerDesigner.OOM.16\Shell\Open\ddeexec\Application , PowerDesigner.OOM.16
CreateRegKey(PowerDesigner.OOM.16\Shell\Open\ddeexec , PowerDesigner.OOM.16
SetRegKeyValue: PowerDesigner.OOM.16\Shell\Open\ddeexec\Application
  =pdshell16
CreateRegKey(PowerDesigner.OOM.16\Shell\Open\ddeexec\Topic , PowerDesigner.OOM.16
CreateRegKey(PowerDesigner.OOM.16\Shell\Open\ddeexec , PowerDesigner.OOM.16
SetRegKeyValue: PowerDesigner.OOM.16\Shell\Open\ddeexec\Topic
  =system
CreateRegKey(PowerDesigner.OOM.16\Shell\Open\ddeexec\IfExec , PowerDesigner.OOM.16
CreateRegKey(PowerDesigner.OOM.16\Shell\Open\ddeexec , PowerDesigner.OOM.16
SetRegKeyValue: PowerDesigner.OOM.16\Shell\Open\ddeexec\IfExec
  =[]
SetRegKeyValue: .BPM
  =PowerDesigner.BPM.16
SetRegKeyValue: PowerDesigner.BPM.16
  =PowerDesigner 16 business process model
CreateRegKey(PowerDesigner.BPM.16\DefaultIcon , 
CreateRegKey(PowerDesigner.BPM.16 , Software\Sybase
SetRegKeyValue: PowerDesigner.BPM.16\DefaultIcon
  =D:\shbpm16.dll,0
CreateRegKey(PowerDesigner.BPM.16\Shell\Open\Command , PowerDesigner.BPM.16
CreateRegKey(PowerDesigner.BPM.16\Shell\Open , PowerDesigner.BPM.16
CreateRegKey(PowerDesigner.BPM.16\Shell , PowerDesigner.BPM.16
CreateRegKey(PowerDesigner.BPM.16 , PowerDesigner.BPM.16
SetRegKeyValue: PowerDesigner.BPM.16\Shell\Open\Command
  =D:\pdshell16.exe "%1"
CreateRegKey(PowerDesigner.BPM.16\Shell\Open\ddeexec , PowerDesigner.BPM.16
CreateRegKey(PowerDesigner.BPM.16\Shell\Open , PowerDesigner.BPM.16
SetRegKeyValue: PowerDesigner.BPM.16\Shell\Open\ddeexec
  =open("%1")
CreateRegKey(PowerDesigner.BPM.16\Shell\Open\ddeexec\Application , PowerDesigner.BPM.16
CreateRegKey(PowerDesigner.BPM.16\Shell\Open\ddeexec , PowerDesigner.BPM.16
SetRegKeyValue: PowerDesigner.BPM.16\Shell\Open\ddeexec\Application
  =pdshell16
CreateRegKey(PowerDesigner.BPM.16\Shell\Open\ddeexec\Topic , PowerDesigner.BPM.16
CreateRegKey(PowerDesigner.BPM.16\Shell\Open\ddeexec , PowerDesigner.BPM.16
SetRegKeyValue: PowerDesigner.BPM.16\Shell\Open\ddeexec\Topic
  =system
CreateRegKey(PowerDesigner.BPM.16\Shell\Open\ddeexec\IfExec , PowerDesigner.BPM.16
CreateRegKey(PowerDesigner.BPM.16\Shell\Open\ddeexec , PowerDesigner.BPM.16
SetRegKeyValue: PowerDesigner.BPM.16\Shell\Open\ddeexec\IfExec
  =[]
SetRegKeyValue: .ABM
  =PowerDesigner.ABM.16
SetRegKeyValue: PowerDesigner.ABM.16
  =PowerDesigner 16 archived business process model
CreateRegKey(PowerDesigner.ABM.16\DefaultIcon , 
CreateRegKey(PowerDesigner.ABM.16 , Software\Sybase
SetRegKeyValue: PowerDesigner.ABM.16\DefaultIcon
  =D:\shbpm16.dll,0
CreateRegKey(PowerDesigner.ABM.16\Shell\Open\Command , PowerDesigner.ABM.16
CreateRegKey(PowerDesigner.ABM.16\Shell\Open , PowerDesigner.ABM.16
CreateRegKey(PowerDesigner.ABM.16\Shell , PowerDesigner.ABM.16
CreateRegKey(PowerDesigner.ABM.16 , PowerDesigner.ABM.16
SetRegKeyValue: PowerDesigner.ABM.16\Shell\Open\Command
  =D:\pdshell16.exe "%1"
CreateRegKey(PowerDesigner.ABM.16\Shell\Open\ddeexec , PowerDesigner.ABM.16
CreateRegKey(PowerDesigner.ABM.16\Shell\Open , PowerDesigner.ABM.16
SetRegKeyValue: PowerDesigner.ABM.16\Shell\Open\ddeexec
  =open("%1")
CreateRegKey(PowerDesigner.ABM.16\Shell\Open\ddeexec\Application , PowerDesigner.ABM.16
CreateRegKey(PowerDesigner.ABM.16\Shell\Open\ddeexec , PowerDesigner.ABM.16
SetRegKeyValue: PowerDesigner.ABM.16\Shell\Open\ddeexec\Application
  =pdshell16
CreateRegKey(PowerDesigner.ABM.16\Shell\Open\ddeexec\Topic , PowerDesigner.ABM.16
CreateRegKey(PowerDesigner.ABM.16\Shell\Open\ddeexec , PowerDesigner.ABM.16
SetRegKeyValue: PowerDesigner.ABM.16\Shell\Open\ddeexec\Topic
  =system
CreateRegKey(PowerDesigner.ABM.16\Shell\Open\ddeexec\IfExec , PowerDesigner.ABM.16
CreateRegKey(PowerDesigner.ABM.16\Shell\Open\ddeexec , PowerDesigner.ABM.16
SetRegKeyValue: PowerDesigner.ABM.16\Shell\Open\ddeexec\IfExec
  =[]
SetRegKeyValue: .MBA
  =PowerDesigner.MBA.16
SetRegKeyValue: PowerDesigner.MBA.16
  =PowerDesigner 16 archived business process model
CreateRegKey(PowerDesigner.MBA.16\DefaultIcon , 
CreateRegKey(PowerDesigner.MBA.16 , Software\Sybase
SetRegKeyValue: PowerDesigner.MBA.16\DefaultIcon
  =D:\shbpm16.dll,0
CreateRegKey(PowerDesigner.MBA.16\Shell\Open\Command , PowerDesigner.MBA.16
CreateRegKey(PowerDesigner.MBA.16\Shell\Open , PowerDesigner.MBA.16
CreateRegKey(PowerDesigner.MBA.16\Shell , PowerDesigner.MBA.16
CreateRegKey(PowerDesigner.MBA.16 , PowerDesigner.MBA.16
SetRegKeyValue: PowerDesigner.MBA.16\Shell\Open\Command
  =D:\pdshell16.exe "%1"
CreateRegKey(PowerDesigner.MBA.16\Shell\Open\ddeexec , PowerDesigner.MBA.16
CreateRegKey(PowerDesigner.MBA.16\Shell\Open , PowerDesigner.MBA.16
SetRegKeyValue: PowerDesigner.MBA.16\Shell\Open\ddeexec
  =open("%1")
CreateRegKey(PowerDesigner.MBA.16\Shell\Open\ddeexec\Application , PowerDesigner.MBA.16
CreateRegKey(PowerDesigner.MBA.16\Shell\Open\ddeexec , PowerDesigner.MBA.16
SetRegKeyValue: PowerDesigner.MBA.16\Shell\Open\ddeexec\Application
  =pdshell16
CreateRegKey(PowerDesigner.MBA.16\Shell\Open\ddeexec\Topic , PowerDesigner.MBA.16
CreateRegKey(PowerDesigner.MBA.16\Shell\Open\ddeexec , PowerDesigner.MBA.16
SetRegKeyValue: PowerDesigner.MBA.16\Shell\Open\ddeexec\Topic
  =system
CreateRegKey(PowerDesigner.MBA.16\Shell\Open\ddeexec\IfExec , PowerDesigner.MBA.16
CreateRegKey(PowerDesigner.MBA.16\Shell\Open\ddeexec , PowerDesigner.MBA.16
SetRegKeyValue: PowerDesigner.MBA.16\Shell\Open\ddeexec\IfExec
  =[]
SetRegKeyValue: .SWS
  =PowerDesigner.SWS.16
SetRegKeyValue: PowerDesigner.SWS.16
  =PowerDesigner 16 workspace
CreateRegKey(PowerDesigner.SWS.16\DefaultIcon , 
CreateRegKey(PowerDesigner.SWS.16 , Software\Sybase
SetRegKeyValue: PowerDesigner.SWS.16\DefaultIcon
  =D:\pdwsp16.dll,0
CreateRegKey(PowerDesigner.SWS.16\Shell\Open\Command , PowerDesigner.SWS.16
CreateRegKey(PowerDesigner.SWS.16\Shell\Open , PowerDesigner.SWS.16
CreateRegKey(PowerDesigner.SWS.16\Shell , PowerDesigner.SWS.16
CreateRegKey(PowerDesigner.SWS.16 , PowerDesigner.SWS.16
SetRegKeyValue: PowerDesigner.SWS.16\Shell\Open\Command
  =D:\pdshell16.exe /workspace "%1"
CreateRegKey(PowerDesigner.SWS.16\Shell\Open\ddeexec , PowerDesigner.SWS.16
CreateRegKey(PowerDesigner.SWS.16\Shell\Open , PowerDesigner.SWS.16
SetRegKeyValue: PowerDesigner.SWS.16\Shell\Open\ddeexec
  =openworkspace("%1")
CreateRegKey(PowerDesigner.SWS.16\Shell\Open\ddeexec\Application , PowerDesigner.SWS.16
CreateRegKey(PowerDesigner.SWS.16\Shell\Open\ddeexec , PowerDesigner.SWS.16
SetRegKeyValue: PowerDesigner.SWS.16\Shell\Open\ddeexec\Application
  =pdshell16
CreateRegKey(PowerDesigner.SWS.16\Shell\Open\ddeexec\Topic , PowerDesigner.SWS.16
CreateRegKey(PowerDesigner.SWS.16\Shell\Open\ddeexec , PowerDesigner.SWS.16
SetRegKeyValue: PowerDesigner.SWS.16\Shell\Open\ddeexec\Topic
  =system
CreateRegKey(PowerDesigner.SWS.16\Shell\Open\ddeexec\IfExec , PowerDesigner.SWS.16
CreateRegKey(PowerDesigner.SWS.16\Shell\Open\ddeexec , PowerDesigner.SWS.16
SetRegKeyValue: PowerDesigner.SWS.16\Shell\Open\ddeexec\IfExec
  =[]
SetRegKeyValue: .MMR
  =PowerDesigner.MMR.16
SetRegKeyValue: PowerDesigner.MMR.16
  =PowerDesigner 16 multi-model report
CreateRegKey(PowerDesigner.MMR.16\DefaultIcon , 
CreateRegKey(PowerDesigner.MMR.16 , Software\Sybase
SetRegKeyValue: PowerDesigner.MMR.16\DefaultIcon
  =D:\pdrpt16.dll,1
CreateRegKey(PowerDesigner.MMR.16\Shell\Open\Command , PowerDesigner.MMR.16
CreateRegKey(PowerDesigner.MMR.16\Shell\Open , PowerDesigner.MMR.16
CreateRegKey(PowerDesigner.MMR.16\Shell , PowerDesigner.MMR.16
CreateRegKey(PowerDesigner.MMR.16 , PowerDesigner.MMR.16
SetRegKeyValue: PowerDesigner.MMR.16\Shell\Open\Command
  =D:\pdshell16.exe "%1"
CreateRegKey(PowerDesigner.MMR.16\Shell\Open\ddeexec , PowerDesigner.MMR.16
CreateRegKey(PowerDesigner.MMR.16\Shell\Open , PowerDesigner.MMR.16
SetRegKeyValue: PowerDesigner.MMR.16\Shell\Open\ddeexec
  =open("%1")
CreateRegKey(PowerDesigner.MMR.16\Shell\Open\ddeexec\Application , PowerDesigner.MMR.16
CreateRegKey(PowerDesigner.MMR.16\Shell\Open\ddeexec , PowerDesigner.MMR.16
SetRegKeyValue: PowerDesigner.MMR.16\Shell\Open\ddeexec\Application
  =pdshell16
CreateRegKey(PowerDesigner.MMR.16\Shell\Open\ddeexec\Topic , PowerDesigner.MMR.16
CreateRegKey(PowerDesigner.MMR.16\Shell\Open\ddeexec , PowerDesigner.MMR.16
SetRegKeyValue: PowerDesigner.MMR.16\Shell\Open\ddeexec\Topic
  =system
CreateRegKey(PowerDesigner.MMR.16\Shell\Open\ddeexec\IfExec , PowerDesigner.MMR.16
CreateRegKey(PowerDesigner.MMR.16\Shell\Open\ddeexec , PowerDesigner.MMR.16
SetRegKeyValue: PowerDesigner.MMR.16\Shell\Open\ddeexec\IfExec
  =[]
SetRegKeyValue: .FEM
  =PowerDesigner.FEM.16
SetRegKeyValue: PowerDesigner.FEM.16
  =PowerDesigner 16 free model
CreateRegKey(PowerDesigner.FEM.16\DefaultIcon , 
CreateRegKey(PowerDesigner.FEM.16 , Software\Sybase
SetRegKeyValue: PowerDesigner.FEM.16\DefaultIcon
  =D:\shfrm16.dll,0
CreateRegKey(PowerDesigner.FEM.16\Shell\Open\Command , PowerDesigner.FEM.16
CreateRegKey(PowerDesigner.FEM.16\Shell\Open , PowerDesigner.FEM.16
CreateRegKey(PowerDesigner.FEM.16\Shell , PowerDesigner.FEM.16
CreateRegKey(PowerDesigner.FEM.16 , PowerDesigner.FEM.16
SetRegKeyValue: PowerDesigner.FEM.16\Shell\Open\Command
  =D:\pdshell16.exe "%1"
CreateRegKey(PowerDesigner.FEM.16\Shell\Open\ddeexec , PowerDesigner.FEM.16
CreateRegKey(PowerDesigner.FEM.16\Shell\Open , PowerDesigner.FEM.16
SetRegKeyValue: PowerDesigner.FEM.16\Shell\Open\ddeexec
  =open("%1")
CreateRegKey(PowerDesigner.FEM.16\Shell\Open\ddeexec\Application , PowerDesigner.FEM.16
CreateRegKey(PowerDesigner.FEM.16\Shell\Open\ddeexec , PowerDesigner.FEM.16
SetRegKeyValue: PowerDesigner.FEM.16\Shell\Open\ddeexec\Application
  =pdshell16
CreateRegKey(PowerDesigner.FEM.16\Shell\Open\ddeexec\Topic , PowerDesigner.FEM.16
CreateRegKey(PowerDesigner.FEM.16\Shell\Open\ddeexec , PowerDesigner.FEM.16
SetRegKeyValue: PowerDesigner.FEM.16\Shell\Open\ddeexec\Topic
  =system
CreateRegKey(PowerDesigner.FEM.16\Shell\Open\ddeexec\IfExec , PowerDesigner.FEM.16
CreateRegKey(PowerDesigner.FEM.16\Shell\Open\ddeexec , PowerDesigner.FEM.16
SetRegKeyValue: PowerDesigner.FEM.16\Shell\Open\ddeexec\IfExec
  =[]
SetRegKeyValue: .RTP
  =PowerDesigner.RTP.16
SetRegKeyValue: PowerDesigner.RTP.16
  =PowerDesigner 16 report template
CreateRegKey(PowerDesigner.RTP.16\DefaultIcon , 
CreateRegKey(PowerDesigner.RTP.16 , Software\Sybase
SetRegKeyValue: PowerDesigner.RTP.16\DefaultIcon
  =D:\pdrpt16.dll,2
CreateRegKey(PowerDesigner.RTP.16\Shell\Open\Command , PowerDesigner.RTP.16
CreateRegKey(PowerDesigner.RTP.16\Shell\Open , PowerDesigner.RTP.16
CreateRegKey(PowerDesigner.RTP.16\Shell , PowerDesigner.RTP.16
CreateRegKey(PowerDesigner.RTP.16 , PowerDesigner.RTP.16
SetRegKeyValue: PowerDesigner.RTP.16\Shell\Open\Command
  =D:\pdshell16.exe "%1"
CreateRegKey(PowerDesigner.RTP.16\Shell\Open\ddeexec , PowerDesigner.RTP.16
CreateRegKey(PowerDesigner.RTP.16\Shell\Open , PowerDesigner.RTP.16
SetRegKeyValue: PowerDesigner.RTP.16\Shell\Open\ddeexec
  =open("%1")
CreateRegKey(PowerDesigner.RTP.16\Shell\Open\ddeexec\Application , PowerDesigner.RTP.16
CreateRegKey(PowerDesigner.RTP.16\Shell\Open\ddeexec , PowerDesigner.RTP.16
SetRegKeyValue: PowerDesigner.RTP.16\Shell\Open\ddeexec\Application
  =pdshell16
CreateRegKey(PowerDesigner.RTP.16\Shell\Open\ddeexec\Topic , PowerDesigner.RTP.16
CreateRegKey(PowerDesigner.RTP.16\Shell\Open\ddeexec , PowerDesigner.RTP.16
SetRegKeyValue: PowerDesigner.RTP.16\Shell\Open\ddeexec\Topic
  =system
CreateRegKey(PowerDesigner.RTP.16\Shell\Open\ddeexec\IfExec , PowerDesigner.RTP.16
CreateRegKey(PowerDesigner.RTP.16\Shell\Open\ddeexec , PowerDesigner.RTP.16
SetRegKeyValue: PowerDesigner.RTP.16\Shell\Open\ddeexec\IfExec
  =[]
SetRegKeyValue: .XSM
  =PowerDesigner.XSM.16
SetRegKeyValue: PowerDesigner.XSM.16
  =PowerDesigner 16 xml model
CreateRegKey(PowerDesigner.XSM.16\DefaultIcon , 
CreateRegKey(PowerDesigner.XSM.16 , Software\Sybase
SetRegKeyValue: PowerDesigner.XSM.16\DefaultIcon
  =D:\shxsm16.dll,0
CreateRegKey(PowerDesigner.XSM.16\Shell\Open\Command , PowerDesigner.XSM.16
CreateRegKey(PowerDesigner.XSM.16\Shell\Open , PowerDesigner.XSM.16
CreateRegKey(PowerDesigner.XSM.16\Shell , PowerDesigner.XSM.16
CreateRegKey(PowerDesigner.XSM.16 , PowerDesigner.XSM.16
SetRegKeyValue: PowerDesigner.XSM.16\Shell\Open\Command
  =D:\pdshell16.exe "%1"
CreateRegKey(PowerDesigner.XSM.16\Shell\Open\ddeexec , PowerDesigner.XSM.16
CreateRegKey(PowerDesigner.XSM.16\Shell\Open , PowerDesigner.XSM.16
SetRegKeyValue: PowerDesigner.XSM.16\Shell\Open\ddeexec
  =open("%1")
CreateRegKey(PowerDesigner.XSM.16\Shell\Open\ddeexec\Application , PowerDesigner.XSM.16
CreateRegKey(PowerDesigner.XSM.16\Shell\Open\ddeexec , PowerDesigner.XSM.16
SetRegKeyValue: PowerDesigner.XSM.16\Shell\Open\ddeexec\Application
  =pdshell16
CreateRegKey(PowerDesigner.XSM.16\Shell\Open\ddeexec\Topic , PowerDesigner.XSM.16
CreateRegKey(PowerDesigner.XSM.16\Shell\Open\ddeexec , PowerDesigner.XSM.16
SetRegKeyValue: PowerDesigner.XSM.16\Shell\Open\ddeexec\Topic
  =system
CreateRegKey(PowerDesigner.XSM.16\Shell\Open\ddeexec\IfExec , PowerDesigner.XSM.16
CreateRegKey(PowerDesigner.XSM.16\Shell\Open\ddeexec , PowerDesigner.XSM.16
SetRegKeyValue: PowerDesigner.XSM.16\Shell\Open\ddeexec\IfExec
  =[]
SetRegKeyValue: .DMM
  =PowerDesigner.DMM.16
SetRegKeyValue: PowerDesigner.DMM.16
  =PowerDesigner 16 data movement model
CreateRegKey(PowerDesigner.DMM.16\DefaultIcon , 
CreateRegKey(PowerDesigner.DMM.16 , Software\Sybase
SetRegKeyValue: PowerDesigner.DMM.16\DefaultIcon
  =D:\shilm16.dll,0
CreateRegKey(PowerDesigner.DMM.16\Shell\Open\Command , PowerDesigner.DMM.16
CreateRegKey(PowerDesigner.DMM.16\Shell\Open , PowerDesigner.DMM.16
CreateRegKey(PowerDesigner.DMM.16\Shell , PowerDesigner.DMM.16
CreateRegKey(PowerDesigner.DMM.16 , PowerDesigner.DMM.16
SetRegKeyValue: PowerDesigner.DMM.16\Shell\Open\Command
  =D:\pdshell16.exe "%1"
CreateRegKey(PowerDesigner.DMM.16\Shell\Open\ddeexec , PowerDesigner.DMM.16
CreateRegKey(PowerDesigner.DMM.16\Shell\Open , PowerDesigner.DMM.16
SetRegKeyValue: PowerDesigner.DMM.16\Shell\Open\ddeexec
  =open("%1")
CreateRegKey(PowerDesigner.DMM.16\Shell\Open\ddeexec\Application , PowerDesigner.DMM.16
CreateRegKey(PowerDesigner.DMM.16\Shell\Open\ddeexec , PowerDesigner.DMM.16
SetRegKeyValue: PowerDesigner.DMM.16\Shell\Open\ddeexec\Application
  =pdshell16
CreateRegKey(PowerDesigner.DMM.16\Shell\Open\ddeexec\Topic , PowerDesigner.DMM.16
CreateRegKey(PowerDesigner.DMM.16\Shell\Open\ddeexec , PowerDesigner.DMM.16
SetRegKeyValue: PowerDesigner.DMM.16\Shell\Open\ddeexec\Topic
  =system
CreateRegKey(PowerDesigner.DMM.16\Shell\Open\ddeexec\IfExec , PowerDesigner.DMM.16
CreateRegKey(PowerDesigner.DMM.16\Shell\Open\ddeexec , PowerDesigner.DMM.16
SetRegKeyValue: PowerDesigner.DMM.16\Shell\Open\ddeexec\IfExec
  =[]
SetRegKeyValue: .ADM
  =PowerDesigner.ADM.16
SetRegKeyValue: PowerDesigner.ADM.16
  =PowerDesigner 16 archived data movement model
CreateRegKey(PowerDesigner.ADM.16\DefaultIcon , 
CreateRegKey(PowerDesigner.ADM.16 , Software\Sybase
SetRegKeyValue: PowerDesigner.ADM.16\DefaultIcon
  =D:\shilm16.dll,0
CreateRegKey(PowerDesigner.ADM.16\Shell\Open\Command , PowerDesigner.ADM.16
CreateRegKey(PowerDesigner.ADM.16\Shell\Open , PowerDesigner.ADM.16
CreateRegKey(PowerDesigner.ADM.16\Shell , PowerDesigner.ADM.16
CreateRegKey(PowerDesigner.ADM.16 , PowerDesigner.ADM.16
SetRegKeyValue: PowerDesigner.ADM.16\Shell\Open\Command
  =D:\pdshell16.exe "%1"
CreateRegKey(PowerDesigner.ADM.16\Shell\Open\ddeexec , PowerDesigner.ADM.16
CreateRegKey(PowerDesigner.ADM.16\Shell\Open , PowerDesigner.ADM.16
SetRegKeyValue: PowerDesigner.ADM.16\Shell\Open\ddeexec
  =open("%1")
CreateRegKey(PowerDesigner.ADM.16\Shell\Open\ddeexec\Application , PowerDesigner.ADM.16
CreateRegKey(PowerDesigner.ADM.16\Shell\Open\ddeexec , PowerDesigner.ADM.16
SetRegKeyValue: PowerDesigner.ADM.16\Shell\Open\ddeexec\Application
  =pdshell16
CreateRegKey(PowerDesigner.ADM.16\Shell\Open\ddeexec\Topic , PowerDesigner.ADM.16
CreateRegKey(PowerDesigner.ADM.16\Shell\Open\ddeexec , PowerDesigner.ADM.16
SetRegKeyValue: PowerDesigner.ADM.16\Shell\Open\ddeexec\Topic
  =system
CreateRegKey(PowerDesigner.ADM.16\Shell\Open\ddeexec\IfExec , PowerDesigner.ADM.16
CreateRegKey(PowerDesigner.ADM.16\Shell\Open\ddeexec , PowerDesigner.ADM.16
SetRegKeyValue: PowerDesigner.ADM.16\Shell\Open\ddeexec\IfExec
  =[]
SetRegKeyValue: .AIM
  =PowerDesigner.AIM.16
SetRegKeyValue: PowerDesigner.AIM.16
  =PowerDesigner 16 archived data movement model
CreateRegKey(PowerDesigner.AIM.16\DefaultIcon , 
CreateRegKey(PowerDesigner.AIM.16 , Software\Sybase
SetRegKeyValue: PowerDesigner.AIM.16\DefaultIcon
  =D:\shilm16.dll,0
CreateRegKey(PowerDesigner.AIM.16\Shell\Open\Command , PowerDesigner.AIM.16
CreateRegKey(PowerDesigner.AIM.16\Shell\Open , PowerDesigner.AIM.16
CreateRegKey(PowerDesigner.AIM.16\Shell , PowerDesigner.AIM.16
CreateRegKey(PowerDesigner.AIM.16 , PowerDesigner.AIM.16
SetRegKeyValue: PowerDesigner.AIM.16\Shell\Open\Command
  =D:\pdshell16.exe "%1"
CreateRegKey(PowerDesigner.AIM.16\Shell\Open\ddeexec , PowerDesigner.AIM.16
CreateRegKey(PowerDesigner.AIM.16\Shell\Open , PowerDesigner.AIM.16
SetRegKeyValue: PowerDesigner.AIM.16\Shell\Open\ddeexec
  =open("%1")
CreateRegKey(PowerDesigner.AIM.16\Shell\Open\ddeexec\Application , PowerDesigner.AIM.16
CreateRegKey(PowerDesigner.AIM.16\Shell\Open\ddeexec , PowerDesigner.AIM.16
SetRegKeyValue: PowerDesigner.AIM.16\Shell\Open\ddeexec\Application
  =pdshell16
CreateRegKey(PowerDesigner.AIM.16\Shell\Open\ddeexec\Topic , PowerDesigner.AIM.16
CreateRegKey(PowerDesigner.AIM.16\Shell\Open\ddeexec , PowerDesigner.AIM.16
SetRegKeyValue: PowerDesigner.AIM.16\Shell\Open\ddeexec\Topic
  =system
CreateRegKey(PowerDesigner.AIM.16\Shell\Open\ddeexec\IfExec , PowerDesigner.AIM.16
CreateRegKey(PowerDesigner.AIM.16\Shell\Open\ddeexec , PowerDesigner.AIM.16
SetRegKeyValue: PowerDesigner.AIM.16\Shell\Open\ddeexec\IfExec
  =[]
SetRegKeyValue: .RQM
  =PowerDesigner.RQM.16
SetRegKeyValue: PowerDesigner.RQM.16
  =PowerDesigner 16 requirements model
CreateRegKey(PowerDesigner.RQM.16\DefaultIcon , 
CreateRegKey(PowerDesigner.RQM.16 , Software\Sybase
SetRegKeyValue: PowerDesigner.RQM.16\DefaultIcon
  =D:\shrqm16.dll,0
CreateRegKey(PowerDesigner.RQM.16\Shell\Open\Command , PowerDesigner.RQM.16
CreateRegKey(PowerDesigner.RQM.16\Shell\Open , PowerDesigner.RQM.16
CreateRegKey(PowerDesigner.RQM.16\Shell , PowerDesigner.RQM.16
CreateRegKey(PowerDesigner.RQM.16 , PowerDesigner.RQM.16
SetRegKeyValue: PowerDesigner.RQM.16\Shell\Open\Command
  =D:\pdshell16.exe "%1"
CreateRegKey(PowerDesigner.RQM.16\Shell\Open\ddeexec , PowerDesigner.RQM.16
CreateRegKey(PowerDesigner.RQM.16\Shell\Open , PowerDesigner.RQM.16
SetRegKeyValue: PowerDesigner.RQM.16\Shell\Open\ddeexec
  =open("%1")
CreateRegKey(PowerDesigner.RQM.16\Shell\Open\ddeexec\Application , PowerDesigner.RQM.16
CreateRegKey(PowerDesigner.RQM.16\Shell\Open\ddeexec , PowerDesigner.RQM.16
SetRegKeyValue: PowerDesigner.RQM.16\Shell\Open\ddeexec\Application
  =pdshell16
CreateRegKey(PowerDesigner.RQM.16\Shell\Open\ddeexec\Topic , PowerDesigner.RQM.16
CreateRegKey(PowerDesigner.RQM.16\Shell\Open\ddeexec , PowerDesigner.RQM.16
SetRegKeyValue: PowerDesigner.RQM.16\Shell\Open\ddeexec\Topic
  =system
CreateRegKey(PowerDesigner.RQM.16\Shell\Open\ddeexec\IfExec , PowerDesigner.RQM.16
CreateRegKey(PowerDesigner.RQM.16\Shell\Open\ddeexec , PowerDesigner.RQM.16
SetRegKeyValue: PowerDesigner.RQM.16\Shell\Open\ddeexec\IfExec
  =[]
SetRegKeyValue: .LDM
  =PowerDesigner.LDM.16
SetRegKeyValue: PowerDesigner.LDM.16
  =PowerDesigner 16 logical data model
CreateRegKey(PowerDesigner.LDM.16\DefaultIcon , 
CreateRegKey(PowerDesigner.LDM.16 , Software\Sybase
SetRegKeyValue: PowerDesigner.LDM.16\DefaultIcon
  =D:\shldm16.dll,0
CreateRegKey(PowerDesigner.LDM.16\Shell\Open\Command , PowerDesigner.LDM.16
CreateRegKey(PowerDesigner.LDM.16\Shell\Open , PowerDesigner.LDM.16
CreateRegKey(PowerDesigner.LDM.16\Shell , PowerDesigner.LDM.16
CreateRegKey(PowerDesigner.LDM.16 , PowerDesigner.LDM.16
SetRegKeyValue: PowerDesigner.LDM.16\Shell\Open\Command
  =D:\pdshell16.exe "%1"
CreateRegKey(PowerDesigner.LDM.16\Shell\Open\ddeexec , PowerDesigner.LDM.16
CreateRegKey(PowerDesigner.LDM.16\Shell\Open , PowerDesigner.LDM.16
SetRegKeyValue: PowerDesigner.LDM.16\Shell\Open\ddeexec
  =open("%1")
CreateRegKey(PowerDesigner.LDM.16\Shell\Open\ddeexec\Application , PowerDesigner.LDM.16
CreateRegKey(PowerDesigner.LDM.16\Shell\Open\ddeexec , PowerDesigner.LDM.16
SetRegKeyValue: PowerDesigner.LDM.16\Shell\Open\ddeexec\Application
  =pdshell16
CreateRegKey(PowerDesigner.LDM.16\Shell\Open\ddeexec\Topic , PowerDesigner.LDM.16
CreateRegKey(PowerDesigner.LDM.16\Shell\Open\ddeexec , PowerDesigner.LDM.16
SetRegKeyValue: PowerDesigner.LDM.16\Shell\Open\ddeexec\Topic
  =system
CreateRegKey(PowerDesigner.LDM.16\Shell\Open\ddeexec\IfExec , PowerDesigner.LDM.16
CreateRegKey(PowerDesigner.LDM.16\Shell\Open\ddeexec , PowerDesigner.LDM.16
SetRegKeyValue: PowerDesigner.LDM.16\Shell\Open\ddeexec\IfExec
  =[]
SetRegKeyValue: .EAM
  =PowerDesigner.EAM.16
SetRegKeyValue: PowerDesigner.EAM.16
  =PowerDesigner 16 enterprise architecture model
CreateRegKey(PowerDesigner.EAM.16\DefaultIcon , 
CreateRegKey(PowerDesigner.EAM.16 , Software\Sybase
SetRegKeyValue: PowerDesigner.EAM.16\DefaultIcon
  =D:\sheam16.dll,0
CreateRegKey(PowerDesigner.EAM.16\Shell\Open\Command , PowerDesigner.EAM.16
CreateRegKey(PowerDesigner.EAM.16\Shell\Open , PowerDesigner.EAM.16
CreateRegKey(PowerDesigner.EAM.16\Shell , PowerDesigner.EAM.16
CreateRegKey(PowerDesigner.EAM.16 , PowerDesigner.EAM.16
SetRegKeyValue: PowerDesigner.EAM.16\Shell\Open\Command
  =D:\pdshell16.exe "%1"
CreateRegKey(PowerDesigner.EAM.16\Shell\Open\ddeexec , PowerDesigner.EAM.16
CreateRegKey(PowerDesigner.EAM.16\Shell\Open , PowerDesigner.EAM.16
SetRegKeyValue: PowerDesigner.EAM.16\Shell\Open\ddeexec
  =open("%1")
CreateRegKey(PowerDesigner.EAM.16\Shell\Open\ddeexec\Application , PowerDesigner.EAM.16
CreateRegKey(PowerDesigner.EAM.16\Shell\Open\ddeexec , PowerDesigner.EAM.16
SetRegKeyValue: PowerDesigner.EAM.16\Shell\Open\ddeexec\Application
  =pdshell16
CreateRegKey(PowerDesigner.EAM.16\Shell\Open\ddeexec\Topic , PowerDesigner.EAM.16
CreateRegKey(PowerDesigner.EAM.16\Shell\Open\ddeexec , PowerDesigner.EAM.16
SetRegKeyValue: PowerDesigner.EAM.16\Shell\Open\ddeexec\Topic
  =system
CreateRegKey(PowerDesigner.EAM.16\Shell\Open\ddeexec\IfExec , PowerDesigner.EAM.16
CreateRegKey(PowerDesigner.EAM.16\Shell\Open\ddeexec , PowerDesigner.EAM.16
SetRegKeyValue: PowerDesigner.EAM.16\Shell\Open\ddeexec\IfExec
  =[]
SetRegKeyValue: .IAM
  =PowerDesigner.IAM.16
SetRegKeyValue: PowerDesigner.IAM.16
  =PowerDesigner 16 impact analysis model
CreateRegKey(PowerDesigner.IAM.16\DefaultIcon , 
CreateRegKey(PowerDesigner.IAM.16 , Software\Sybase
SetRegKeyValue: PowerDesigner.IAM.16\DefaultIcon
  =D:\shiam16.dll,0
CreateRegKey(PowerDesigner.IAM.16\Shell\Open\Command , PowerDesigner.IAM.16
CreateRegKey(PowerDesigner.IAM.16\Shell\Open , PowerDesigner.IAM.16
CreateRegKey(PowerDesigner.IAM.16\Shell , PowerDesigner.IAM.16
CreateRegKey(PowerDesigner.IAM.16 , PowerDesigner.IAM.16
SetRegKeyValue: PowerDesigner.IAM.16\Shell\Open\Command
  =D:\pdshell16.exe "%1"
CreateRegKey(PowerDesigner.IAM.16\Shell\Open\ddeexec , PowerDesigner.IAM.16
CreateRegKey(PowerDesigner.IAM.16\Shell\Open , PowerDesigner.IAM.16
SetRegKeyValue: PowerDesigner.IAM.16\Shell\Open\ddeexec
  =open("%1")
CreateRegKey(PowerDesigner.IAM.16\Shell\Open\ddeexec\Application , PowerDesigner.IAM.16
CreateRegKey(PowerDesigner.IAM.16\Shell\Open\ddeexec , PowerDesigner.IAM.16
SetRegKeyValue: PowerDesigner.IAM.16\Shell\Open\ddeexec\Application
  =pdshell16
CreateRegKey(PowerDesigner.IAM.16\Shell\Open\ddeexec\Topic , PowerDesigner.IAM.16
CreateRegKey(PowerDesigner.IAM.16\Shell\Open\ddeexec , PowerDesigner.IAM.16
SetRegKeyValue: PowerDesigner.IAM.16\Shell\Open\ddeexec\Topic
  =system
CreateRegKey(PowerDesigner.IAM.16\Shell\Open\ddeexec\IfExec , PowerDesigner.IAM.16
CreateRegKey(PowerDesigner.IAM.16\Shell\Open\ddeexec , PowerDesigner.IAM.16
SetRegKeyValue: PowerDesigner.IAM.16\Shell\Open\ddeexec\IfExec
  =[]
SetRegKeyValue: .PRJ
  =PowerDesigner.PRJ.16
SetRegKeyValue: PowerDesigner.PRJ.16
  =PowerDesigner 16 project
CreateRegKey(PowerDesigner.PRJ.16\DefaultIcon , 
CreateRegKey(PowerDesigner.PRJ.16 , Software\Sybase
SetRegKeyValue: PowerDesigner.PRJ.16\DefaultIcon
  =D:\shprj16.dll,0
CreateRegKey(PowerDesigner.PRJ.16\Shell\Open\Command , PowerDesigner.PRJ.16
CreateRegKey(PowerDesigner.PRJ.16\Shell\Open , PowerDesigner.PRJ.16
CreateRegKey(PowerDesigner.PRJ.16\Shell , PowerDesigner.PRJ.16
CreateRegKey(PowerDesigner.PRJ.16 , PowerDesigner.PRJ.16
SetRegKeyValue: PowerDesigner.PRJ.16\Shell\Open\Command
  =D:\pdshell16.exe "%1"
CreateRegKey(PowerDesigner.PRJ.16\Shell\Open\ddeexec , PowerDesigner.PRJ.16
CreateRegKey(PowerDesigner.PRJ.16\Shell\Open , PowerDesigner.PRJ.16
SetRegKeyValue: PowerDesigner.PRJ.16\Shell\Open\ddeexec
  =open("%1")
CreateRegKey(PowerDesigner.PRJ.16\Shell\Open\ddeexec\Application , PowerDesigner.PRJ.16
CreateRegKey(PowerDesigner.PRJ.16\Shell\Open\ddeexec , PowerDesigner.PRJ.16
SetRegKeyValue: PowerDesigner.PRJ.16\Shell\Open\ddeexec\Application
  =pdshell16
CreateRegKey(PowerDesigner.PRJ.16\Shell\Open\ddeexec\Topic , PowerDesigner.PRJ.16
CreateRegKey(PowerDesigner.PRJ.16\Shell\Open\ddeexec , PowerDesigner.PRJ.16
SetRegKeyValue: PowerDesigner.PRJ.16\Shell\Open\ddeexec\Topic
  =system
CreateRegKey(PowerDesigner.PRJ.16\Shell\Open\ddeexec\IfExec , PowerDesigner.PRJ.16
CreateRegKey(PowerDesigner.PRJ.16\Shell\Open\ddeexec , PowerDesigner.PRJ.16
SetRegKeyValue: PowerDesigner.PRJ.16\Shell\Open\ddeexec\IfExec
  =[]
SetModuleShellTemplate(nExtension)
SetRegKeyValue: .CDM\Shellnew
  Filename=D:\ShellNew\PDModel16.cdm
SetRegKeyValue: .PDM\Shellnew
  Filename=D:\ShellNew\PDModel16.pdm
SetRegKeyValue: .OOM\Shellnew
  Filename=D:\ShellNew\PDModel16.oom
SetRegKeyValue: .BPM\Shellnew
  Filename=D:\ShellNew\PDModel16.bpm
SetRegKeyValue: .FEM\Shellnew
  Filename=D:\ShellNew\PDModel16.fem
SetRegKeyValue: .XSM\Shellnew
  Filename=D:\ShellNew\PDModel16.xsm
SetRegKeyValue: .DMM\Shellnew
  Filename=D:\ShellNew\PDModel16.dmm
SetRegKeyValue: .RQM\Shellnew
  Filename=D:\ShellNew\PDModel16.rqm
SetRegKeyValue: .LDM\Shellnew
  Filename=D:\ShellNew\PDModel16.ldm
SetRegKeyValue: .EAM\Shellnew
  Filename=D:\ShellNew\PDModel16.eam
SetDefaultTarget()
CreateRegKey(Software\Sybase\PowerDesigner 16\General , 
SetRegKeyValue: Software\Sybase\PowerDesigner 16\General
  LastDBMS=SAP SQL Anywhere 16
CreateRegKey(Software\Sybase\PowerDesigner 16\General , 
SetRegKeyValue: Software\Sybase\PowerDesigner 16\General
  LastDVTL=Java
CreateRegKey(Software\Sybase\PowerDesigner 16\General , 
SetRegKeyValue: Software\Sybase\PowerDesigner 16\General
  LastBPMS=Analysis
CreateRegKey(Software\Sybase\PowerDesigner 16\General , 
SetRegKeyValue: Software\Sybase\PowerDesigner 16\General
  LastSchemaLanguage=XML Schema Definition 1.0
CreateRegKey(Software\Sybase\PowerDesigner 16\Shell\Workspace , 
CreateRegKey(Software\Sybase\PowerDesigner 16\Shell , Software\Sybase
UpdateModuleRegistry()
SetPathsKeys()
CreateRegKey(Software\Sybase\PowerDesigner 16\Paths , 
SetRegKeyValue: Software\Sybase\PowerDesigner 16\Paths
  XEM Library=D:\Resource Files\Extended Model Definitions
SetRegKeyValue: Software\Sybase\PowerDesigner 16\Paths
  VB-Scripts=D:\VB Scripts
SetRegKeyValue: Software\Sybase\PowerDesigner 16\Paths
  Home=D:\
SetRegKeyValue: Software\Sybase\PowerDesigner 16\Paths
  ReportStyleSheets=D:\Resource Files\HTML Report Style Sheets
SetRegKeyValue: Software\Sybase\PowerDesigner 16\Paths
  ReportRtfTemplates=D:\Resource Files\RTF Report Templates
SetRegKeyValue: Software\Sybase\PowerDesigner 16\Paths
  ReportRtfTemplates2=D:\Resource Files\Reporting\RTF
SetRegKeyValue: Software\Sybase\PowerDesigner 16\Paths
  ReportStyleSheets2=D:\Resource Files\Reporting\HTML\Themes
SetRegKeyValue: Software\Sybase\PowerDesigner 16\Paths
  ReportTemplates=D:\Resource Files\Report Templates\
SetRegKeyValue: Software\Sybase\PowerDesigner 16\Paths
  ImageLibrary=D:\Icons
SetRegKeyValue: Software\Sybase\PowerDesigner 16\Paths
  ReportDestination=%USERPROFILE%\Documents
SetRegKeyValue: Software\Sybase\PowerDesigner 16\Paths
  WorkspaceDocuments=%USERPROFILE%\Documents
SetRegKeyValue: Software\Sybase\PowerDesigner 16\Paths
  Workspaces=%USERPROFILE%\Documents
SetRegKeyValue: Software\Sybase\PowerDesigner 16\Paths
  ProjectWorkspaceDocuments=%USERPROFILE%\Documents
SetRegKeyValue: Software\Sybase\PowerDesigner 16\Paths
  ReportLanguages=D:\Resource Files\Report Languages
SetRegKeyValue: Software\Sybase\PowerDesigner 16\Paths
  ConversionTables=D:\Resource Files\Conversion Tables
SetRegKeyValue: Software\Sybase\PowerDesigner 16\Paths
  Profiles=D:\Examples\Tutorial
SetRegKeyValue: Software\Sybase\PowerDesigner 16\Paths
  TechnicalVideos=D:\Documentation\Videos
SetRegKeyValue: Software\Sybase\PowerDesigner 16\Paths
  ConnectionProfiles=%USERPROFILE%\Documents
SetRegKeyValue: Software\Sybase\PowerDesigner 16\Paths
  AnalysisRulesLibrary=D:\Resource Files\Analysis Rule Sets
SetRegKeyValue: Software\Sybase\PowerDesigner 16\Paths
  UserModelTemplates=%USERPROFILE%\Documents
SetRegKeyValue: Software\Sybase\PowerDesigner 16\Paths
  UserProjectTemplates=%USERPROFILE%\Documents
SetRegKeyValue: Software\Sybase\PowerDesigner 16\Paths
  ProjectTemplates=D:\Resource Files\Project Templates\
SetRegKeyValue: Software\Sybase\PowerDesigner 16\Paths
  UserProfiles=D:\Resource Files\Profiles
SetRegKeyValue: Software\Sybase\PowerDesigner 16\Paths
  ModelCreationCategoryDefinitions=D:\Resource Files\Model Category
SetRegKeyValue: Software\Sybase\PowerDesigner 16\Paths
  NMapCache=%APPDATA%\PowerDesigner\16\NMap
SetRegKeyValue: Software\Sybase\PowerDesigner 16\Paths
  SchemaLanguageLibrary=D:\Resource Files\XML Languages
SetRegKeyValue: Software\Sybase\PowerDesigner 16\Paths
  ProcessLangLibrary=D:\Resource Files\Process Languages
SetRegKeyValue: Software\Sybase\PowerDesigner 16\Paths
  DBMSLibrary=D:\Resource Files\DBMS
SetRegKeyValue: Software\Sybase\PowerDesigner 16\Paths
  Settings=D:\Resource Files\Settings\
SetRegKeyValue: Software\Sybase\PowerDesigner 16\Paths
  ObjLangLibrary=D:\Resource Files\Object Languages
SetRegKeyValue: Software\Sybase\PowerDesigner 16\Paths
  TranslationsDirectory=D:\Translations
CreateRegKey(Software\Sybase\PowerDesigner 16\ModelOptions\tool , 
CreateRegKey(Software\Sybase\PowerDesigner 16\ModelOptions , Software\Sybase
CreateRegKey(Software\Sybase\PowerDesigner 16 , Software\Sybase
SetRegKeyValue: Software\Sybase\PowerDesigner 16\ModelOptions\tool
  OutputLogPath=%TEMP%
SetRegKeyValue: Software\Sybase\PowerDesigner 16\ModelOptions\tool
  CurrentModelCreationCategoryDefinitionName=Default
SetPlugins()
CreateRegKey(Software\Sybase\PowerDesigner 16\Addins\Spell Checker , 
CreateRegKey(Software\Sybase\PowerDesigner 16\Addins , Software\Sybase
SetRegKeyValue: Software\Sybase\PowerDesigner 16\Addins\Spell Checker
  Class=Sybase.PowerDesigner.Spellchecker.SpellCheckerConnect
SetRegKeyValue: Software\Sybase\PowerDesigner 16\Addins\Spell Checker
  Enable=Yes
SetRegKeyValue: Software\Sybase\PowerDesigner 16\Addins\Spell Checker
  Type=ActiveX
SetRegKeyValue: Software\Sybase\PowerDesigner 16\Addins\Spell Checker
  File=D:\Add-ins\Spell Checker\Sybase.PowerDesigner.Spellchecker.dll
RegisterDotNetDLL: Add-ins\Spell Checker\Sybase.PowerDesigner.Spellchecker.dll
SetRegKeyValue: Software\Sybase\PowerDesigner 16\Addins\Spell Checker
  Registered=yes
RegisterDotNetDLL: Add-ins\Microsoft Visio Export\Sybase.PowerDesigner.VisioAddIn.dll
SetRegKeyValue: 
  Registered=yes
CreateRegKey(Software\Sybase\PowerDesigner 16\Addins\Microsoft SQL Server 2005 Analysis Services , 
CreateRegKey(Software\Sybase\PowerDesigner 16\Addins , Software\Sybase
SetRegKeyValue: Software\Sybase\PowerDesigner 16\Addins\Microsoft SQL Server 2005 Analysis Services
  Class=AddIn.Pdm.SQLServer.AddInLauncher
SetRegKeyValue: Software\Sybase\PowerDesigner 16\Addins\Microsoft SQL Server 2005 Analysis Services
  Enable=No
SetRegKeyValue: Software\Sybase\PowerDesigner 16\Addins\Microsoft SQL Server 2005 Analysis Services
  Type=ActiveX
SetRegKeyValue: Software\Sybase\PowerDesigner 16\Addins\Microsoft SQL Server 2005 Analysis Services
  File=D:\Add-ins\Microsoft SQL Server 2005 Analysis Service\PowerDesigner.AddIn.Pdm.SQLServer.dll
RegisterDotNetDLL: Add-ins\Microsoft SQL Server 2005 Analysis Service\PowerDesigner.AddIn.Pdm.SQLServer.dll
SetRegKeyValue: Software\Sybase\PowerDesigner 16\Addins\Microsoft SQL Server 2005 Analysis Services
  Registered=yes
CreateRegKey(Software\Sybase\PowerDesigner 16\Addins\SAP BusinessObjects , 
CreateRegKey(Software\Sybase\PowerDesigner 16\Addins , Software\Sybase
SetRegKeyValue: Software\Sybase\PowerDesigner 16\Addins\SAP BusinessObjects
  Class=Sybase.PowerDesigner.BusinessObjects.AddIn.Launcher.AddInLauncher
SetRegKeyValue: Software\Sybase\PowerDesigner 16\Addins\SAP BusinessObjects
  Enable=Yes
SetRegKeyValue: Software\Sybase\PowerDesigner 16\Addins\SAP BusinessObjects
  Type=ActiveX
SetRegKeyValue: Software\Sybase\PowerDesigner 16\Addins\SAP BusinessObjects
  File=D:\Sybase.PowerDesigner.BusinessObjects.AddIn.dll
RegisterDotNetDLL: Sybase.PowerDesigner.BusinessObjects.AddIn.dll
SetRegKeyValue: Software\Sybase\PowerDesigner 16\Addins\SAP BusinessObjects
  Registered=yes
CreateRegKey(Software\Sybase\PowerDesigner 16\Addins\SAP HANA , 
CreateRegKey(Software\Sybase\PowerDesigner 16\Addins , Software\Sybase
SetRegKeyValue: Software\Sybase\PowerDesigner 16\Addins\SAP HANA
  Class=Sybase.PowerDesigner.HANA.AddIn.Launcher.AddInLauncher
SetRegKeyValue: Software\Sybase\PowerDesigner 16\Addins\SAP HANA
  Enable=Yes
SetRegKeyValue: Software\Sybase\PowerDesigner 16\Addins\SAP HANA
  Type=ActiveX
SetRegKeyValue: Software\Sybase\PowerDesigner 16\Addins\SAP HANA
  File=D:\Sybase.PowerDesigner.HANA.AddIn.dll
RegisterDotNetDLL: Sybase.PowerDesigner.HANA.AddIn.dll
SetRegKeyValue: Software\Sybase\PowerDesigner 16\Addins\SAP HANA
  Registered=yes
CreateRegKey(Software\Sybase\PowerDesigner 16\Addins\SAP ERP , 
CreateRegKey(Software\Sybase\PowerDesigner 16\Addins , Software\Sybase
SetRegKeyValue: Software\Sybase\PowerDesigner 16\Addins\SAP ERP
  Class=Sybase.PowerDesigner.ERP.AddIn.Launcher.AddInLauncher
SetRegKeyValue: Software\Sybase\PowerDesigner 16\Addins\SAP ERP
  Enable=Yes
SetRegKeyValue: Software\Sybase\PowerDesigner 16\Addins\SAP ERP
  Type=ActiveX
SetRegKeyValue: Software\Sybase\PowerDesigner 16\Addins\SAP ERP
  File=D:\Sybase.PowerDesigner.ERP.AddIn.dll
RegisterDotNetDLL: Sybase.PowerDesigner.ERP.AddIn.dll
SetRegKeyValue: Software\Sybase\PowerDesigner 16\Addins\SAP ERP
  Registered=yes
CreateRegKey(Software\Sybase\PowerDesigner 16\Addins\Microsoft Word Import , 
CreateRegKey(Software\Sybase\PowerDesigner 16\Addins , Software\Sybase
SetRegKeyValue: Software\Sybase\PowerDesigner 16\Addins\Microsoft Word Import
  Class=Sybase.PowerDesigner.Word.RqmToWord.AddInLauncher
SetRegKeyValue: Software\Sybase\PowerDesigner 16\Addins\Microsoft Word Import
  Enable=Yes
SetRegKeyValue: Software\Sybase\PowerDesigner 16\Addins\Microsoft Word Import
  Type=ActiveX
SetRegKeyValue: Software\Sybase\PowerDesigner 16\Addins\Microsoft Word Import
  File=D:\Sybase.PowerDesigner.Word.RqmToWord.dll
RegisterDotNetDLL: Sybase.PowerDesigner.Word.RqmToWord.dll
SetRegKeyValue: Software\Sybase\PowerDesigner 16\Addins\Microsoft Word Import
  Registered=yes
SetWordAddinKey
GetWordVersion()
 found version: 12
GetOfficeProgFlavor: Word
  return: 32
SetRegKeyValue: Software\Microsoft\Office\Word\Addins\Sybase.PowerDesigner.Word.WordToRqm
  Description=PowerDesigner Requirements COM Add-In for Microsoft Word
SetRegKeyValue: Software\Microsoft\Office\Word\Addins\Sybase.PowerDesigner.Word.WordToRqm
  FriendlyName=PowerDesigner Requirements COM Add-In for Microsoft Word
SetRegKeyValue: Software\Microsoft\Office\Word\Addins\Sybase.PowerDesigner.Word.WordToRqm
  LoadBehavior=3
SetRegKeyValue: Software\Microsoft\Office\Word\Addins\Sybase.PowerDesigner.Word.WordToRqm
  Manifest=file:///D:/Sybase.PowerDesigner.Word.WordToRqm.vsto|vstolocal
SetRegKeyValue: Software\Microsoft\Office\12.0\Common\General
  EnableLocalMachineVSTO=1
CreateRegKey(Software\Sybase\PowerDesigner 16\Addins\SAP Solution Manager , 
CreateRegKey(Software\Sybase\PowerDesigner 16\Addins , Software\Sybase
SetRegKeyValue: Software\Sybase\PowerDesigner 16\Addins\SAP Solution Manager
  Class=Sybase.PowerDesigner.SolutionManager.AddIn.Launcher.AddInLauncher
SetRegKeyValue: Software\Sybase\PowerDesigner 16\Addins\SAP Solution Manager
  Enable=Yes
SetRegKeyValue: Software\Sybase\PowerDesigner 16\Addins\SAP Solution Manager
  Type=ActiveX
SetRegKeyValue: Software\Sybase\PowerDesigner 16\Addins\SAP Solution Manager
  File=D:\Sybase.PowerDesigner.SolutionManager.AddIn.dll
RegisterDotNetDLL: Sybase.PowerDesigner.SolutionManager.AddIn.dll
SetRegKeyValue: Software\Sybase\PowerDesigner 16\Addins\SAP Solution Manager
  Registered=yes
CreateRegKey(Software\Sybase\PowerDesigner 16\Addins\SAP Data Services , 
CreateRegKey(Software\Sybase\PowerDesigner 16\Addins , Software\Sybase
SetRegKeyValue: Software\Sybase\PowerDesigner 16\Addins\SAP Data Services
  Class=Sybase.PowerDesigner.DataServices.AddIn.Launcher.AddInLauncher
SetRegKeyValue: Software\Sybase\PowerDesigner 16\Addins\SAP Data Services
  Enable=Yes
SetRegKeyValue: Software\Sybase\PowerDesigner 16\Addins\SAP Data Services
  Type=ActiveX
SetRegKeyValue: Software\Sybase\PowerDesigner 16\Addins\SAP Data Services
  File=D:\Sybase.PowerDesigner.DataServices.AddIn.dll
RegisterDotNetDLL: Sybase.PowerDesigner.DataServices.AddIn.dll
SetRegKeyValue: Software\Sybase\PowerDesigner 16\Addins\SAP Data Services
  Registered=yes
CreateRegKey(Software\Sybase\PowerDesigner 16\Addins\Sybase IQ Reference Architecture , 
CreateRegKey(Software\Sybase\PowerDesigner 16\Addins , Software\Sybase
SetRegKeyValue: Software\Sybase\PowerDesigner 16\Addins\Sybase IQ Reference Architecture
  Class=Sybase.PowerDesigner.AddIn.ReferenceArchitecture.IQ.Launcher.AddInLauncher
SetRegKeyValue: Software\Sybase\PowerDesigner 16\Addins\Sybase IQ Reference Architecture
  Enable=Yes
SetRegKeyValue: Software\Sybase\PowerDesigner 16\Addins\Sybase IQ Reference Architecture
  Type=ActiveX
SetRegKeyValue: Software\Sybase\PowerDesigner 16\Addins\Sybase IQ Reference Architecture
  File=D:\Add-ins\IQ Reference Architecture\Sybase.PowerDesigner.AddIn.ReferenceArchitecture.IQ.dll
RegisterDotNetDLL: Add-ins\IQ Reference Architecture\Sybase.PowerDesigner.AddIn.ReferenceArchitecture.IQ.dll
SetRegKeyValue: Software\Sybase\PowerDesigner 16\Addins\Sybase IQ Reference Architecture
  Registered=yes
SetHelpMenu()
CreateRegKey(Software\Sybase\PowerDesigner 16\HelpCommands , 
CreateRegKey(Software\Sybase\PowerDesigner 16 , Software\Sybase
SetRegKeyValue: Software\Sybase\PowerDesigner 16\HelpCommands
  01:Online Documentation="D:\Documentation\index.htm"
SetRegKeyValue: Software\Sybase\PowerDesigner 16\HelpCommands
  02:Customizing and Extending PowerDesigner="D:\Documentation\Printable Docs\customizing_powerdesigner.pdf"
SetRegKeyValue: Software\Sybase\PowerDesigner 16\HelpCommands
  03:Metamodel Objects Help="D:\pdvbs16.chm"
SetRegKeyValue: Software\Sybase\PowerDesigner 16\HelpCommands
  04:Tutorial Videos ="D:\Documentation\videos.htm"
SetRegKeyValue: Software\Sybase\PowerDesigner 16\HelpCommands
  04;Tutorial Videos ="D:\Documentation\videos.htm"
SetRegKeyValue: Software\Sybase\PowerDesigner 16\HelpCommands
  05:SAP Help Portal=http://help.sap.com/powerdesigner/
SetRegKeyValue: Software\Sybase\PowerDesigner 16\HelpCommands
  06:SAP.com=http://www.sap.com
SetRegKeyValue: Software\Sybase\PowerDesigner 16\HelpCommands
  07:SAP Support=http://www.sap.com/services-support/support/plans.html
SetRegKeyValue: Software\Sybase\PowerDesigner 16\HelpCommands
  08:PowerDesigner Web Site=http://www.sap.com/pc/tech/database/software/model-driven-architecture/index.html
SetRegKeyValue: Software\Sybase\PowerDesigner 16\HelpCommands
  09:PowerDesigner Newsgroup=http://scn.sap.com/community/powerdesigner
SetVariables()
GetJDK
 jdk found at C:\Program Files\Java\jdk1.8.0_171
GetJ2EE
CreateRegKey(Software\Sybase\PowerDesigner 16\Variables , 
CreateRegKey(Software\Sybase\PowerDesigner 16 , Software\Sybase
SetRegKeyValue: Software\Sybase\PowerDesigner 16\Variables
  HOME=D:\|PowerDesigner home directory
SetRegKeyValue: Software\Sybase\PowerDesigner 16\Variables
  CMD=cmd.exe|Windows command interpreter (command.com or cmd.exe)
SetRegKeyValue: Software\Sybase\PowerDesigner 16\Variables
  J2EEVERIF=|J2EE verifier (verifier.bat)
SetRegKeyValue: Software\Sybase\PowerDesigner 16\Variables
  JAVA=C:\Program Files\Java\jdk1.8.0_171\bin\java.exe|Command for executing a Java program (java.exe)
SetRegKeyValue: Software\Sybase\PowerDesigner 16\Variables
  JAVAC=C:\Program Files\Java\jdk1.8.0_171\bin\javac.exe|Java compiler (javac.exe)
SetRegKeyValue: Software\Sybase\PowerDesigner 16\Variables
  JAR=C:\Program Files\Java\jdk1.8.0_171\bin\jar.exe|Command for creating a Jar file  (jar.exe)
SetRegKeyValue: Software\Sybase\PowerDesigner 16\Variables
  JAVADOC=C:\Program Files\Java\jdk1.8.0_171\bin\javadoc.exe|Command for generating Java doc (javadoc.exe)
SetLicenseKeys()
CreateRegKey(Software\Sybase\PowerDesigner 16\License , 
CreateRegKey(Software\Sybase\PowerDesigner 16 , Software\Sybase
SetRegKeyValue: Software\Sybase\PowerDesigner 16\License
  LicenseDirectory=C:\ProgramData\PowerDesigner 16
SetRegKeyValue: Software\Sybase\PowerDesigner 16\License
  LicenseAgreement=D:\License Agreements
CreateRegKey(Software\Sybase\PowerDesigner 16\License , 
CreateRegKey(Software\Sybase\PowerDesigner 16 , Software\Sybase
SetRegKeyValue: Software\Sybase\PowerDesigner 16\License
  HeartBeatTimer=21600
WriteSelectedUserProfiles(USERPROFILES)
CreateRegKey(Software\Sybase\PowerDesigner 16\General , 
SetRegKeyValue: Software\Sybase\PowerDesigner 16\General
  InitUserProfiles=D:\Resource Files\Profiles\Design Framework.upf;D:\Resource Files\Profiles\NoShortcut.upf;D:\Resource Files\Profiles\Blue Theme.upf;D:\Resource Files\Profiles\Brown Theme.upf;D:\Resource Files\Profiles\RoundCorner.upf;D:\Resource Files\Profiles\CDM E_R.upf;D:\Resource Files\Profiles\CDM Idef1x.upf;D:\Resource Files\Profiles\CDM Merise.upf;D:\Resource Files\Profiles\CDMBarker.upf;D:\Resource Files\Profiles\LDM E_R.upf;D:\Resource Files\Profiles\LDM Idef1x.upf;D:\Resource Files\Profiles\LDMBarker.upf;D:\Resource Files\Profiles\PDM Codasyl.upf;D:\Resource Files\Profiles\PDM Conceptual.upf;D:\Resource Files\Profiles\PDM IDEF1x.upf;D:\Resource Files\Profiles\PDM Relational.upf
ProcessSelfRegisterFiles: register
regsvr32 /s "D:\SQL Anywhere 16 drivers\x64\dbodbc16.dll"
RegisterDotNetDLL: Sybase.PowerDesigner.Shell.dll
RegisterVisioDLL
GetVisioVersion()
 found version: 14
GetOfficeProgFlavor: Visio
  return: 32
GetRegAsm 32-bit
  found regasm.exe in 'C:\Windows\Microsoft.NET\Framework\v4.0.30319\regasm.exe'
  C:\Windows\Microsoft.NET\Framework\v4.0.30319\regasm.exe "D:\Add-ins\Microsoft Visio Export\Sybase.PowerDesigner.VisioAddIn.dll" /codebase /nologo /silent
RegisterMiniRFC
GetRegAsm 32-bit
  found regasm.exe in 'C:\Windows\Microsoft.NET\Framework\v4.0.30319\regasm.exe'
GetRegAsm 64-bit
  found regasm.exe in 'C:\Windows\Microsoft.NET\Framework64\v4.0.30319\regasm.exe'
  C:\Windows\Microsoft.NET\Framework64\v4.0.30319\regasm.exe "D:\minirfc.dll" /codebase /nologo /silent
SetEditors()
CreateRegKey(Software\Sybase\PowerDesigner 16\Controls\File Extensions\.aspx\OpenWithList\Editor 1\shell\edit\command , 
CreateRegKey(Software\Sybase\PowerDesigner 16\Controls\File Extensions\.aspx\OpenWithList\Editor 1\shell\edit , Software\Sybase
CreateRegKey(Software\Sybase\PowerDesigner 16\Controls\File Extensions\.aspx\OpenWithList\Editor 1\shell , Software\Sybase
CreateRegKey(Software\Sybase\PowerDesigner 16\Controls\File Extensions\.aspx\OpenWithList\Editor 1 , Software\Sybase
CreateRegKey(Software\Sybase\PowerDesigner 16\Controls\File Extensions\.aspx\OpenWithList , Software\Sybase
CreateRegKey(Software\Sybase\PowerDesigner 16\Controls\File Extensions\.aspx , Software\Sybase
CreateRegKey(Software\Sybase\PowerDesigner 16\Controls\File Extensions , Software\Sybase
CreateRegKey(Software\Sybase\PowerDesigner 16\Controls , Software\Sybase
CreateRegKey(Software\Sybase\PowerDesigner 16 , Software\Sybase
SetRegKeyValue: Software\Sybase\PowerDesigner 16\Controls\File Extensions\.aspx\OpenWithList\Editor 1\shell\edit\command
  =<internal>
SetRegKeyValue: Software\Sybase\PowerDesigner 16\Controls\File Extensions\.aspx\OpenWithList\Editor 1
  =<internal>
CreateRegKey(Software\Sybase\PowerDesigner 16\Controls\File Extensions\.jsp\OpenWithList\Editor 1\shell\edit\command , 
CreateRegKey(Software\Sybase\PowerDesigner 16\Controls\File Extensions\.jsp\OpenWithList\Editor 1\shell\edit , Software\Sybase
CreateRegKey(Software\Sybase\PowerDesigner 16\Controls\File Extensions\.jsp\OpenWithList\Editor 1\shell , Software\Sybase
CreateRegKey(Software\Sybase\PowerDesigner 16\Controls\File Extensions\.jsp\OpenWithList\Editor 1 , Software\Sybase
CreateRegKey(Software\Sybase\PowerDesigner 16\Controls\File Extensions\.jsp\OpenWithList , Software\Sybase
CreateRegKey(Software\Sybase\PowerDesigner 16\Controls\File Extensions\.jsp , Software\Sybase
CreateRegKey(Software\Sybase\PowerDesigner 16\Controls\File Extensions , Software\Sybase
SetRegKeyValue: Software\Sybase\PowerDesigner 16\Controls\File Extensions\.jsp\OpenWithList\Editor 1\shell\edit\command
  =<internal>
SetRegKeyValue: Software\Sybase\PowerDesigner 16\Controls\File Extensions\.jsp\OpenWithList\Editor 1
  =<internal>
SetDefaultFonts()
CreateRegKey(Software\Sybase\PowerDesigner 16\Controls , 
SetRegKeyValue: Software\Sybase\PowerDesigner 16\Controls
  UI Font Name=Microsoft Sans Serif
SetRegKeyValue: Software\Sybase\PowerDesigner 16\Controls
  UI Font Size=8
SetRegKeyValue: Software\Sybase\PowerDesigner 16\Controls
  UI Font Style=0
SetRegKeyValue: Software\Sybase\PowerDesigner 16\Controls
  RTF Font Name=Microsoft Sans Serif
SetRegKeyValue: Software\Sybase\PowerDesigner 16\Controls\Grid
  Grid Font Name=Microsoft Sans Serif
SetRegKeyValue: Software\Sybase\PowerDesigner 16\Controls\Grid
  Grid Font Size=8
SetRegKeyValue: Software\Sybase\PowerDesigner 16\Controls\Grid
  Grid Font Style=0
SetRegKeyValue: Software\Sybase\PowerDesigner 16\Controls\Grid
  Matrix Font Name=Microsoft Sans Serif
SetRegKeyValue: Software\Sybase\PowerDesigner 16\Controls\Grid
  Matrix Font Size=8
SetRegKeyValue: Software\Sybase\PowerDesigner 16\Controls\Grid
  Matrix Font Style=0
CreateRegKey(Software\Sybase\PowerDesigner 16\DisplayPreferences , 
CreateRegKey(Software\Sybase\PowerDesigner 16 , Software\Sybase
SetRegKeyValue: Software\Sybase\PowerDesigner 16\DisplayPreferences
  Font Name=,8,N
CreateRegKey(Software\Sybase\PowerDesigner 16\DisplayPreferences\Report , 
CreateRegKey(Software\Sybase\PowerDesigner 16\DisplayPreferences , Software\Sybase
SetRegKeyValue: Software\Sybase\PowerDesigner 16\DisplayPreferences\Report
  Title Font Name=
SetRegKeyValue: Software\Sybase\PowerDesigner 16\DisplayPreferences\Report
  Title Font Size=10
SetRegKeyValue: Software\Sybase\PowerDesigner 16\DisplayPreferences\Report
  Title Font Style=0
SetRegKeyValue: Software\Sybase\PowerDesigner 16\DisplayPreferences\Report
  Text Font Name=Microsoft Sans Serif
SetRegKeyValue: Software\Sybase\PowerDesigner 16\DisplayPreferences\Report
  Text Font Size=10
SetRegKeyValue: Software\Sybase\PowerDesigner 16\DisplayPreferences\Report
  Text Font Style=0
CreateRegKey(Software\Sybase\PowerDesigner 16\Controls\Editor\Default\Font , 
CreateRegKey(Software\Sybase\PowerDesigner 16\Controls\Editor\Default , Software\Sybase
CreateRegKey(Software\Sybase\PowerDesigner 16\Controls\Editor , Software\Sybase
CreateRegKey(Software\Sybase\PowerDesigner 16\Controls , Software\Sybase
SetRegKeyValue: Software\Sybase\PowerDesigner 16\Controls\Editor\Default\Font
  Facename=
SetRegKeyValue: Software\Sybase\PowerDesigner 16\Controls\Editor\Default\Font
  Size=10
SetRegKeyValue: Software\Sybase\PowerDesigner 16\Controls\Editor\Default\Font
  Italic=0
SetRegKeyValue: Software\Sybase\PowerDesigner 16\Controls\Editor\Default\Font
  Bold=0
SetDefaultHTMLReportProperties()
CreateRegKey(Software\Sybase\PowerDesigner 16\DialogPreferences\PropertiesOfOBJREPORTINTRAMODEL , 
CreateRegKey(Software\Sybase\PowerDesigner 16\DialogPreferences , Software\Sybase
CreateRegKey(Software\Sybase\PowerDesigner 16 , Software\Sybase
SetRegKeyValue: Software\Sybase\PowerDesigner 16\DialogPreferences\PropertiesOfOBJREPORTINTRAMODEL
  HTMLTemplate=Light Blue
SetRegKeyValue: Software\Sybase\PowerDesigner 16\DialogPreferences\PropertiesOfOBJREPORTINTRAMODEL
  RTFTemplate=Professional
SetRegKeyValue: Software\Sybase\PowerDesigner 16\DialogPreferences\PropertiesOfOBJREPORTINTRAMODEL
  HomePage=
SetRegKeyValue: Software\Sybase\PowerDesigner 16\DialogPreferences\PropertiesOfOBJREPORTINTRAMODEL
  Stylesheet=D:\Resource Files\HTML Report Style Sheets\LightBlue_Theme.css
SetRegKeyValue: Software\Sybase\PowerDesigner 16\DialogPreferences\PropertiesOfOBJREPORTINTRAMODEL
  Header=D:\Resource Files\HTML Report Style Sheets\Header_LightBlue.html
SetRegKeyValue: Software\Sybase\PowerDesigner 16\DialogPreferences\PropertiesOfOBJREPORTINTRAMODEL
  HeaderHeight=56
CreateRegKey(Software\Sybase\PowerDesigner 16\Setup\Packages , 
CreateRegKey(Software\Sybase\PowerDesigner 16\Setup , Software\Sybase
CreateRegKey(Software\Sybase\PowerDesigner 16\Setup\Components , 
CreateRegKey(Software\Sybase\PowerDesigner 16\Setup , Software\Sybase
SetRegKeyValue: Software\Sybase\PowerDesigner 16\Setup\Packages
  DA=Data Architect
SetRegKeyValue: Software\Sybase\PowerDesigner 16\Setup\Packages
  DAE=Data Architect Enterprise
SetRegKeyValue: Software\Sybase\PowerDesigner 16\Setup\Packages
  DM=DataArchitect/DM
SetRegKeyValue: Software\Sybase\PowerDesigner 16\Setup\Packages
  DMR=DataArchitect/RE
SetRegKeyValue: Software\Sybase\PowerDesigner 16\Setup\Packages
  IAR=InformationArchitect
SetRegKeyValue: Software\Sybase\PowerDesigner 16\Setup\Packages
  EAR=EnterpriseArchitect
SetRegKeyValue: Software\Sybase\PowerDesigner 16\Setup\Packages
  EARS=EnterpriseArchitect - Standard Edition
SetRegKeyValue: Software\Sybase\PowerDesigner 16\Setup\Packages
  PA=Physical Model
SetRegKeyValue: Software\Sybase\PowerDesigner 16\Setup\Packages
  WBPM=Business Analyst
SetRegKeyValue: Software\Sybase\PowerDesigner 16\Setup\Packages
  TA=Technical Architect
SetRegKeyValue: Software\Sybase\PowerDesigner 16
  Locale=en-US
InitializeSySam()
Syb_OnFirstUIAfter()
Call SdFinish
